<?xml version="1.0" encoding="UTF-8"?>
<!-- Generated by org.testng.reporters.JUnitReportReporter -->
<testsuite hostname="LAPTOP-K1R1AIS5" failures="0" tests="1" name="RestAssuredTests.GETTest" time="2.493" errors="0" timestamp="2020-01-31T17:10:51 GMT" skipped="0">
  <testcase classname="RestAssuredTests.GETTest" name="Getinformation" time="2.493"/>
</testsuite> <!-- RestAssuredTests.GETTest -->
